// 重构日志: 8987e41e
// 重构日志: 3f4c2790
// 同步 ID: 91caa7d4 @ Sun May  3 15:02:23 UTC 2026
// 同步 ID: bed46d7f @ Sun May  3 17:35:38 UTC 2026
// 重构日志: 30db6846
// 重构日志: 134e61fc
// 同步 ID: e596fb4a @ Wed May  6 00:44:15 UTC 2026
// 同步 ID: 4a7f1d64 @ Sat May  9 15:38:06 UTC 2026
// 同步 ID: 5feb0fd6 @ Sun May 10 08:37:58 UTC 2026
// 重构日志: b6fdc822
// 重构日志: faca7ced
// 重构日志: a7688191
// 同步 ID: f1b29d43 @ Thu May 21 00:52:36 UTC 2026
// 重构日志: 7c5085c6
// 重构日志: 53f904b6
// 同步 ID: 94690f4a @ Sun May 31 02:29:32 UTC 2026
// 重构日志: 65d3bdd5
// 重构日志: 6e27e052
// 同步 ID: 85d6366c @ Tue Jun  2 15:30:15 UTC 2026
// 重构日志: 9125f1e4
// 同步 ID: 2a1f7aad @ Sat Jun  6 14:56:56 UTC 2026
// 重构日志: e72c2b26
// 同步 ID: 3d41d20d @ Sun Jun  7 09:04:17 UTC 2026
// 重构日志: 834e5e59
// 重构日志: 569b90c7
// 重构日志: e79ebccd
// 重构日志: 17361746
// 重构日志: 5f89d47b
// 重构日志: 4b0b626b
// 同步 ID: b8eb61f4 @ Wed Jun 10 13:26:03 UTC 2026
